-------------------------------------------------------------------------------
Test set: TestMain
-------------------------------------------------------------------------------
Tests run: 1, Failures: 1, Errors: 0, Skipped: 0, Time elapsed: 0 s <<< FAILURE! - in TestMain
countEvensTest(TestMain)  Time elapsed: 0 s  <<< FAILURE!
java.lang.AssertionError: countEvens(1234) failed. expected:<0> but was:<2>
	at TestMain.countEvensTest(TestMain.java:14)

